update-alternatives 2020-07-31 16:27:15: run with --quiet --install /usr/bin/awk awk /usr/bin/mawk 5 --slave /usr/share/man/man1/awk.1.gz awk.1.gz /usr/share/man/man1/mawk.1.gz --slave /usr/bin/nawk nawk /usr/bin/mawk --slave /usr/share/man/man1/nawk.1.gz nawk.1.gz /usr/share/man/man1/mawk.1.gz
update-alternatives 2020-07-31 16:27:15: link group awk updated to point to /usr/bin/mawk
update-alternatives 2020-07-31 16:27:21: run with --quiet --install /usr/bin/awk awk /usr/bin/mawk 5 --slave /usr/share/man/man1/awk.1.gz awk.1.gz /usr/share/man/man1/mawk.1.gz --slave /usr/bin/nawk nawk /usr/bin/mawk --slave /usr/share/man/man1/nawk.1.gz nawk.1.gz /usr/share/man/man1/mawk.1.gz
update-alternatives 2020-07-31 16:27:21: run with --install /usr/share/man/man7/builtins.7.gz builtins.7.gz /usr/share/man/man7/bash-builtins.7.gz 10
update-alternatives 2020-07-31 16:27:21: link group builtins.7.gz updated to point to /usr/share/man/man7/bash-builtins.7.gz
update-alternatives 2020-07-31 16:27:21: run with --install /usr/sbin/rmt rmt /usr/sbin/rmt-tar 50 --slave /usr/share/man/man8/rmt.8.gz rmt.8.gz /usr/share/man/man8/rmt-tar.8.gz
update-alternatives 2020-07-31 16:27:21: link group rmt updated to point to /usr/sbin/rmt-tar
update-alternatives 2020-07-31 16:27:21: run with --install /usr/bin/w w /usr/bin/w.procps 50 --slave /usr/share/man/man1/w.1.gz w.1.gz /usr/share/man/man1/w.procps.1.gz
update-alternatives 2020-07-31 16:27:21: link group w updated to point to /usr/bin/w.procps
update-alternatives 2020-07-31 16:27:22: run with --install /usr/bin/pager pager /bin/more 50 --slave /usr/share/man/man1/pager.1.gz pager.1.gz /usr/share/man/man1/more.1.gz
update-alternatives 2020-07-31 16:27:22: link group pager updated to point to /bin/more
update-alternatives 2020-07-31 16:27:22: run with --remove pager /usr/bin/pg
update-alternatives 2020-07-31 16:27:36: run with --quiet --install /usr/bin/pager pager /usr/bin/less 77 --slave /usr/share/man/man1/pager.1.gz pager.1.gz /usr/share/man/man1/less.1.gz
update-alternatives 2020-07-31 16:27:36: link group pager updated to point to /usr/bin/less
update-alternatives 2020-07-31 16:27:36: run with --quiet --remove pager /bin/less
update-alternatives 2020-07-31 16:27:37: run with --install /usr/bin/lzma lzma /usr/bin/xz 20 --slave /usr/share/man/man1/lzma.1.gz lzma.1.gz /usr/share/man/man1/xz.1.gz --slave /usr/bin/unlzma unlzma /usr/bin/unxz --slave /usr/share/man/man1/unlzma.1.gz unlzma.1.gz /usr/share/man/man1/unxz.1.gz --slave /usr/bin/lzcat lzcat /usr/bin/xzcat --slave /usr/share/man/man1/lzcat.1.gz lzcat.1.gz /usr/share/man/man1/xzcat.1.gz --slave /usr/bin/lzmore lzmore /usr/bin/xzmore --slave /usr/share/man/man1/lzmore.1.gz lzmore.1.gz /usr/share/man/man1/xzmore.1.gz --slave /usr/bin/lzless lzless /usr/bin/xzless --slave /usr/share/man/man1/lzless.1.gz lzless.1.gz /usr/share/man/man1/xzless.1.gz --slave /usr/bin/lzdiff lzdiff /usr/bin/xzdiff --slave /usr/share/man/man1/lzdiff.1.gz lzdiff.1.gz /usr/share/man/man1/xzdiff.1.gz --slave /usr/bin/lzcmp lzcmp /usr/bin/xzcmp --slave /usr/share/man/man1/lzcmp.1.gz lzcmp.1.gz /usr/share/man/man1/xzcmp.1.gz --slave /usr/bin/lzgrep lzgrep /usr/bin/xzgrep --slave /usr/share/man/man1/lzgrep.1.gz lzgrep.1.gz /usr/share/man/man1/xzgrep.1.gz --slave /usr/bin/lzegrep lzegrep /usr/bin/xzegrep --slave /usr/share/man/man1/lzegrep.1.gz lzegrep.1.gz /usr/share/man/man1/xzegrep.1.gz --slave /usr/bin/lzfgrep lzfgrep /usr/bin/xzfgrep --slave /usr/share/man/man1/lzfgrep.1.gz lzfgrep.1.gz /usr/share/man/man1/xzfgrep.1.gz
update-alternatives 2020-07-31 16:27:37: link group lzma updated to point to /usr/bin/xz
update-alternatives 2020-07-31 16:27:38: run with --install /etc/newt/palette newt-palette /etc/newt/palette.ubuntu 50
update-alternatives 2020-07-31 16:27:38: link group newt-palette updated to point to /etc/newt/palette.ubuntu
update-alternatives 2020-07-31 16:27:38: run with --install /etc/newt/palette newt-palette /etc/newt/palette.original 20
update-alternatives 2020-07-31 16:27:39: run with --install /bin/nc nc /bin/nc.openbsd 50 --slave /bin/netcat netcat /bin/nc.openbsd --slave /usr/share/man/man1/nc.1.gz nc.1.gz /usr/share/man/man1/nc_openbsd.1.gz --slave /usr/share/man/man1/netcat.1.gz netcat.1.gz /usr/share/man/man1/nc_openbsd.1.gz
update-alternatives 2020-07-31 16:27:39: link group nc updated to point to /bin/nc.openbsd
update-alternatives 2020-07-31 16:27:39: run with --install /usr/bin/rview rview /usr/bin/vim.tiny 15
update-alternatives 2020-07-31 16:27:39: link group rview updated to point to /usr/bin/vim.tiny
update-alternatives 2020-07-31 16:27:39: run with --install /usr/bin/vi vi /usr/bin/vim.tiny 15 --slave /usr/share/man/da/man1/vi.1.gz vi.da.1.gz /usr/share/man/da/man1/vim.1.gz --slave /usr/share/man/de/man1/vi.1.gz vi.de.1.gz /usr/share/man/de/man1/vim.1.gz --slave /usr/share/man/fr/man1/vi.1.gz vi.fr.1.gz /usr/share/man/fr/man1/vim.1.gz --slave /usr/share/man/it/man1/vi.1.gz vi.it.1.gz /usr/share/man/it/man1/vim.1.gz --slave /usr/share/man/ja/man1/vi.1.gz vi.ja.1.gz /usr/share/man/ja/man1/vim.1.gz --slave /usr/share/man/pl/man1/vi.1.gz vi.pl.1.gz /usr/share/man/pl/man1/vim.1.gz --slave /usr/share/man/ru/man1/vi.1.gz vi.ru.1.gz /usr/share/man/ru/man1/vim.1.gz --slave /usr/share/man/man1/vi.1.gz vi.1.gz /usr/share/man/man1/vim.1.gz
update-alternatives 2020-07-31 16:27:39: link group vi updated to point to /usr/bin/vim.tiny
update-alternatives 2020-07-31 16:27:39: run with --install /usr/bin/view view /usr/bin/vim.tiny 15 --slave /usr/share/man/da/man1/view.1.gz view.da.1.gz /usr/share/man/da/man1/vim.1.gz --slave /usr/share/man/de/man1/view.1.gz view.de.1.gz /usr/share/man/de/man1/vim.1.gz --slave /usr/share/man/fr/man1/view.1.gz view.fr.1.gz /usr/share/man/fr/man1/vim.1.gz --slave /usr/share/man/it/man1/view.1.gz view.it.1.gz /usr/share/man/it/man1/vim.1.gz --slave /usr/share/man/ja/man1/view.1.gz view.ja.1.gz /usr/share/man/ja/man1/vim.1.gz --slave /usr/share/man/pl/man1/view.1.gz view.pl.1.gz /usr/share/man/pl/man1/vim.1.gz --slave /usr/share/man/ru/man1/view.1.gz view.ru.1.gz /usr/share/man/ru/man1/vim.1.gz --slave /usr/share/man/man1/view.1.gz view.1.gz /usr/share/man/man1/vim.1.gz
update-alternatives 2020-07-31 16:27:39: link group view updated to point to /usr/bin/vim.tiny
update-alternatives 2020-07-31 16:27:39: run with --install /usr/bin/ex ex /usr/bin/vim.tiny 15 --slave /usr/share/man/da/man1/ex.1.gz ex.da.1.gz /usr/share/man/da/man1/vim.1.gz --slave /usr/share/man/de/man1/ex.1.gz ex.de.1.gz /usr/share/man/de/man1/vim.1.gz --slave /usr/share/man/fr/man1/ex.1.gz ex.fr.1.gz /usr/share/man/fr/man1/vim.1.gz --slave /usr/share/man/it/man1/ex.1.gz ex.it.1.gz /usr/share/man/it/man1/vim.1.gz --slave /usr/share/man/ja/man1/ex.1.gz ex.ja.1.gz /usr/share/man/ja/man1/vim.1.gz --slave /usr/share/man/pl/man1/ex.1.gz ex.pl.1.gz /usr/share/man/pl/man1/vim.1.gz --slave /usr/share/man/ru/man1/ex.1.gz ex.ru.1.gz /usr/share/man/ru/man1/vim.1.gz --slave /usr/share/man/man1/ex.1.gz ex.1.gz /usr/share/man/man1/vim.1.gz
update-alternatives 2020-07-31 16:27:39: link group ex updated to point to /usr/bin/vim.tiny
update-alternatives 2020-07-31 16:27:39: run with --install /usr/bin/editor editor /usr/bin/vim.tiny 15 --slave /usr/share/man/da/man1/editor.1.gz editor.da.1.gz /usr/share/man/da/man1/vim.1.gz --slave /usr/share/man/de/man1/editor.1.gz editor.de.1.gz /usr/share/man/de/man1/vim.1.gz --slave /usr/share/man/fr/man1/editor.1.gz editor.fr.1.gz /usr/share/man/fr/man1/vim.1.gz --slave /usr/share/man/it/man1/editor.1.gz editor.it.1.gz /usr/share/man/it/man1/vim.1.gz --slave /usr/share/man/ja/man1/editor.1.gz editor.ja.1.gz /usr/share/man/ja/man1/vim.1.gz --slave /usr/share/man/pl/man1/editor.1.gz editor.pl.1.gz /usr/share/man/pl/man1/vim.1.gz --slave /usr/share/man/ru/man1/editor.1.gz editor.ru.1.gz /usr/share/man/ru/man1/vim.1.gz --slave /usr/share/man/man1/editor.1.gz editor.1.gz /usr/share/man/man1/vim.1.gz
update-alternatives 2020-07-31 16:27:39: link group editor updated to point to /usr/bin/vim.tiny
update-alternatives 2020-07-31 16:27:45: run with --install /etc/vtrgb vtrgb /etc/console-setup/vtrgb 50
update-alternatives 2020-07-31 16:27:45: link group vtrgb updated to point to /etc/console-setup/vtrgb
update-alternatives 2020-07-31 16:27:45: run with --install /etc/vtrgb vtrgb /etc/console-setup/vtrgb.vga 20
update-alternatives 2020-07-31 16:27:52: run with --remove builtins.7.gz /usr/share/man/man7/bash-builtins.7.gz
update-alternatives 2020-07-31 16:27:52: link group builtins.7.gz fully removed
update-alternatives 2020-07-31 16:27:52: run with --install /usr/share/man/man7/builtins.7.gz builtins.7.gz /usr/share/man/man7/bash-builtins.7.gz 10
update-alternatives 2020-07-31 16:27:52: link group builtins.7.gz updated to point to /usr/share/man/man7/bash-builtins.7.gz
update-alternatives 2020-07-31 16:27:55: run with --quiet --install /usr/bin/pager pager /usr/bin/less 77 --slave /usr/share/man/man1/pager.1.gz pager.1.gz /usr/share/man/man1/less.1.gz
update-alternatives 2020-07-31 16:27:55: run with --quiet --remove pager /bin/less
update-alternatives 2020-07-31 16:27:56: run with --quiet --install /usr/bin/pager pager /usr/bin/less 77 --slave /usr/share/man/man1/pager.1.gz pager.1.gz /usr/share/man/man1/less.1.gz
update-alternatives 2020-07-31 16:27:56: run with --quiet --remove pager /bin/less
update-alternatives 2020-07-31 16:30:44: run with --install /bin/mt mt /bin/mt-gnu 10 --slave /usr/share/man/man1/mt.1.gz mt.1.gz /usr/share/man/man1/mt-gnu.1.gz
update-alternatives 2020-07-31 16:30:44: link group mt updated to point to /bin/mt-gnu
update-alternatives 2020-07-31 16:30:44: run with --install /etc/mysql/my.cnf my.cnf /etc/mysql/my.cnf.fallback 100
update-alternatives 2020-07-31 16:30:44: link group my.cnf updated to point to /etc/mysql/my.cnf.fallback
update-alternatives 2020-07-31 16:30:45: run with --install /usr/bin/telnet telnet /usr/bin/telnet.netkit 100 --slave /usr/share/man/man1/telnet.1.gz telnet.1.gz /usr/share/man/man1/telnet.netkit.1.gz
update-alternatives 2020-07-31 16:30:45: link group telnet updated to point to /usr/bin/telnet.netkit
update-alternatives 2020-07-31 16:30:45: run with --install /usr/share/gnome-shell/gdm3-theme.gresource gdm3-theme.gresource /usr/share/gnome-shell/theme/Yaru/gnome-shell-theme.gresource 15
update-alternatives 2020-07-31 16:30:45: link group gdm3-theme.gresource updated to point to /usr/share/gnome-shell/theme/Yaru/gnome-shell-theme.gresource
update-alternatives 2020-07-31 16:30:51: run with --install /usr/share/icons/default/index.theme x-cursor-theme /usr/share/icons/DMZ-White/cursor.theme 100
update-alternatives 2020-07-31 16:30:51: link group x-cursor-theme updated to point to /usr/share/icons/DMZ-White/cursor.theme
update-alternatives 2020-07-31 16:30:51: run with --install /usr/share/icons/default/index.theme x-cursor-theme /usr/share/icons/DMZ-Black/cursor.theme 30
update-alternatives 2020-07-31 16:30:53: run with --quiet --install /usr/bin/editor editor /bin/ed -100 --slave /usr/share/man/man1/editor.1.gz editor.1.gz /usr/share/man/man1/ed.1.gz
update-alternatives 2020-07-31 16:30:54: run with --install /usr/bin/write write /usr/bin/bsd-write 100 --slave /usr/share/man/man1/write.1.gz write.1.gz /usr/share/man/man1/bsd-write.1.gz
update-alternatives 2020-07-31 16:30:54: link group write updated to point to /usr/bin/bsd-write
update-alternatives 2020-07-31 16:30:54: run with --install /usr/bin/from from /usr/bin/bsd-from 10 --slave /usr/share/man/man1/from.1.gz from.1.gz /usr/share/man/man1/bsd-from.1.gz
update-alternatives 2020-07-31 16:30:54: link group from updated to point to /usr/bin/bsd-from
update-alternatives 2020-07-31 16:30:55: run with --install /usr/bin/ftp ftp /usr/bin/netkit-ftp 100 --slave /usr/bin/pftp pftp /usr/bin/netkit-ftp --slave /usr/share/man/man1/ftp.1.gz ftp.1.gz /usr/share/man/man1/netkit-ftp.1.gz --slave /usr/share/man/man1/pftp.1.gz pftp.1.gz /usr/share/man/man1/netkit-ftp.1.gz --slave /usr/share/man/man5/netrc.5.gz netrc.5.gz /usr/share/man/man5/netkit-netrc.5.gz
update-alternatives 2020-07-31 16:30:55: link group ftp updated to point to /usr/bin/netkit-ftp
update-alternatives 2020-07-31 16:30:55: run with --install /usr/bin/editor editor /bin/nano 40 --slave /usr/share/man/man1/editor.1.gz editor.1.gz /usr/share/man/man1/nano.1.gz
update-alternatives 2020-07-31 16:30:55: link group editor updated to point to /bin/nano
update-alternatives 2020-07-31 16:30:55: run with --install /usr/bin/pico pico /bin/nano 10 --slave /usr/share/man/man1/pico.1.gz pico.1.gz /usr/share/man/man1/nano.1.gz
update-alternatives 2020-07-31 16:30:55: link group pico updated to point to /bin/nano
update-alternatives 2020-07-31 16:31:00: run with --install /usr/bin/infobrowser infobrowser /usr/bin/info 60 --slave /usr/share/man/man1/infobrowser.1.gz infobrowser.1.gz /usr/share/man/man1/info.1.gz
update-alternatives 2020-07-31 16:31:00: link group infobrowser updated to point to /usr/bin/info
update-alternatives 2020-07-31 16:31:00: run with --install /usr/bin/traceroute6 traceroute6 /usr/bin/traceroute6.iputils 100 --slave /usr/share/man/man8/traceroute6.8.gz traceroute6.8.gz /usr/share/man/man8/traceroute6.iputils.8.gz
update-alternatives 2020-07-31 16:31:00: link group traceroute6 updated to point to /usr/bin/traceroute6.iputils
update-alternatives 2020-07-31 16:31:00: run with --install /usr/share/icons/default/index.theme x-cursor-theme /etc/X11/cursors/core.theme 30
update-alternatives 2020-07-31 16:31:00: run with --install /usr/share/icons/default/index.theme x-cursor-theme /etc/X11/cursors/redglass.theme 20
update-alternatives 2020-07-31 16:31:00: run with --install /usr/share/icons/default/index.theme x-cursor-theme /etc/X11/cursors/whiteglass.theme 20
update-alternatives 2020-07-31 16:31:00: run with --install /usr/share/icons/default/index.theme x-cursor-theme /etc/X11/cursors/handhelds.theme 20
update-alternatives 2020-07-31 16:31:01: run with --quiet --install /usr/bin/pinentry pinentry /usr/bin/pinentry-curses 50 --slave /usr/share/man/man1/pinentry.1.gz pinentry.1.gz /usr/share/man/man1/pinentry-curses.1.gz
update-alternatives 2020-07-31 16:31:01: link group pinentry updated to point to /usr/bin/pinentry-curses
update-alternatives 2020-07-31 16:31:06: run with --install /usr/bin/futurize futurize /usr/bin/python3-futurize 300
update-alternatives 2020-07-31 16:31:06: link group futurize updated to point to /usr/bin/python3-futurize
update-alternatives 2020-07-31 16:31:06: run with --install /usr/bin/pasteurize pasteurize /usr/bin/python3-pasteurize 300
update-alternatives 2020-07-31 16:31:06: link group pasteurize updated to point to /usr/bin/python3-pasteurize
update-alternatives 2020-07-31 16:31:12: run with --install /usr/sbin/iptables iptables /usr/sbin/iptables-legacy 20 --slave /usr/sbin/iptables-restore iptables-restore /usr/sbin/iptables-legacy-restore --slave /usr/sbin/iptables-save iptables-save /usr/sbin/iptables-legacy-save
update-alternatives 2020-07-31 16:31:12: link group iptables updated to point to /usr/sbin/iptables-legacy
update-alternatives 2020-07-31 16:31:12: run with --install /usr/sbin/ip6tables ip6tables /usr/sbin/ip6tables-legacy 20 --slave /usr/sbin/ip6tables-restore ip6tables-restore /usr/sbin/ip6tables-legacy-restore --slave /usr/sbin/ip6tables-save ip6tables-save /usr/sbin/ip6tables-legacy-save
update-alternatives 2020-07-31 16:31:12: link group ip6tables updated to point to /usr/sbin/ip6tables-legacy
update-alternatives 2020-07-31 16:31:12: run with --install /usr/sbin/iptables iptables /usr/sbin/iptables-nft 10 --slave /usr/sbin/iptables-restore iptables-restore /usr/sbin/iptables-nft-restore --slave /usr/sbin/iptables-save iptables-save /usr/sbin/iptables-nft-save
update-alternatives 2020-07-31 16:31:12: run with --install /usr/sbin/ip6tables ip6tables /usr/sbin/ip6tables-nft 10 --slave /usr/sbin/ip6tables-restore ip6tables-restore /usr/sbin/ip6tables-nft-restore --slave /usr/sbin/ip6tables-save ip6tables-save /usr/sbin/ip6tables-nft-save
update-alternatives 2020-07-31 16:31:12: run with --install /usr/sbin/arptables arptables /usr/sbin/arptables-nft 10 --slave /usr/sbin/arptables-restore arptables-restore /usr/sbin/arptables-nft-restore --slave /usr/sbin/arptables-save arptables-save /usr/sbin/arptables-nft-save
update-alternatives 2020-07-31 16:31:12: link group arptables updated to point to /usr/sbin/arptables-nft
update-alternatives 2020-07-31 16:31:12: run with --install /usr/sbin/ebtables ebtables /usr/sbin/ebtables-nft 10 --slave /usr/sbin/ebtables-restore ebtables-restore /usr/sbin/ebtables-nft-restore --slave /usr/sbin/ebtables-save ebtables-save /usr/sbin/ebtables-nft-save
update-alternatives 2020-07-31 16:31:12: link group ebtables updated to point to /usr/sbin/ebtables-nft
update-alternatives 2020-07-31 16:31:12: run with --quiet --install /usr/bin/rsh rsh /usr/bin/ssh 20 --slave /usr/share/man/man1/rsh.1.gz rsh.1.gz /usr/share/man/man1/ssh.1.gz
update-alternatives 2020-07-31 16:31:12: link group rsh updated to point to /usr/bin/ssh
update-alternatives 2020-07-31 16:31:12: run with --quiet --install /usr/bin/rlogin rlogin /usr/bin/slogin 20 --slave /usr/share/man/man1/rlogin.1.gz rlogin.1.gz /usr/share/man/man1/slogin.1.gz
update-alternatives 2020-07-31 16:31:12: link group rlogin updated to point to /usr/bin/slogin
update-alternatives 2020-07-31 16:31:12: run with --quiet --install /usr/bin/rcp rcp /usr/bin/scp 20 --slave /usr/share/man/man1/rcp.1.gz rcp.1.gz /usr/share/man/man1/scp.1.gz
update-alternatives 2020-07-31 16:31:12: link group rcp updated to point to /usr/bin/scp
update-alternatives 2020-07-31 16:31:13: run with --install /usr/share/gnome-shell/gdm3-theme.gresource gdm3-theme.gresource /usr/share/gnome-shell/gnome-shell-theme.gresource 10
update-alternatives 2020-07-31 16:31:29: run with --install /usr/share/plymouth/themes/text.plymouth text.plymouth /usr/share/plymouth/themes/ubuntu-text/ubuntu-text.plymouth 50
update-alternatives 2020-07-31 16:31:29: link group text.plymouth updated to point to /usr/share/plymouth/themes/ubuntu-text/ubuntu-text.plymouth
update-alternatives 2020-07-31 16:31:30: run with --quiet --install /lib/cpp cpp /usr/bin/cpp 10
update-alternatives 2020-07-31 16:31:30: link group cpp updated to point to /usr/bin/cpp
update-alternatives 2020-07-31 16:31:35: run with --install /usr/share/plymouth/themes/default.plymouth default.plymouth /usr/share/plymouth/themes/bgrt/bgrt.plymouth 110
update-alternatives 2020-07-31 16:31:35: link group default.plymouth updated to point to /usr/share/plymouth/themes/bgrt/bgrt.plymouth
update-alternatives 2020-07-31 16:31:39: run with --install /usr/share/icons/default/index.theme x-cursor-theme /usr/share/icons/Adwaita/cursor.theme 90
update-alternatives 2020-07-31 16:31:49: run with --install /usr/bin/gstreamer-codec-install gstreamer-codec-install /usr/lib/packagekit/pk-gstreamer-install 80
update-alternatives 2020-07-31 16:31:49: link group gstreamer-codec-install updated to point to /usr/lib/packagekit/pk-gstreamer-install
update-alternatives 2020-07-31 16:31:50: run with --install /usr/bin/x-terminal-emulator x-terminal-emulator /usr/bin/gnome-terminal.wrapper 40 --slave /usr/share/man/man1/x-terminal-emulator.1.gz x-terminal-emulator.1.gz /usr/share/man/man1/gnome-terminal.1.gz
update-alternatives 2020-07-31 16:31:50: link group x-terminal-emulator updated to point to /usr/bin/gnome-terminal.wrapper
update-alternatives 2020-07-31 16:31:50: run with --install /usr/bin/gnome-www-browser gnome-www-browser /usr/bin/firefox 40
update-alternatives 2020-07-31 16:31:50: link group gnome-www-browser updated to point to /usr/bin/firefox
update-alternatives 2020-07-31 16:31:50: run with --install /usr/bin/x-www-browser x-www-browser /usr/bin/firefox 40
update-alternatives 2020-07-31 16:31:50: link group x-www-browser updated to point to /usr/bin/firefox
update-alternatives 2020-07-31 16:31:51: run with --install /usr/bin/x-session-manager x-session-manager /usr/bin/gnome-session 50 --slave /usr/share/man/man1/x-session-manager.1.gz x-session-manager.1.gz /usr/share/man/man1/gnome-session.1.gz
update-alternatives 2020-07-31 16:31:51: link group x-session-manager updated to point to /usr/bin/gnome-session
update-alternatives 2020-07-31 16:31:51: run with --install /usr/bin/x-window-manager x-window-manager /usr/bin/mutter 60 --slave /usr/share/man/man1/x-window-manager.1.gz x-window-manager.1.gz /usr/share/man/man1/mutter.1.gz
update-alternatives 2020-07-31 16:31:51: link group x-window-manager updated to point to /usr/bin/mutter
update-alternatives 2020-07-31 16:31:51: run with --quiet --install /usr/bin/pinentry pinentry /usr/bin/pinentry-gnome3 90 --slave /usr/share/man/man1/pinentry.1.gz pinentry.1.gz /usr/share/man/man1/pinentry-gnome3.1.gz
update-alternatives 2020-07-31 16:31:51: link group pinentry updated to point to /usr/bin/pinentry-gnome3
update-alternatives 2020-07-31 16:31:51: run with --quiet --install /usr/bin/pinentry-x11 pinentry-x11 /usr/bin/pinentry-gnome3 90 --slave /usr/share/man/man1/pinentry-x11.1.gz pinentry-x11.1.gz /usr/share/man/man1/pinentry-gnome3.1.gz
update-alternatives 2020-07-31 16:31:51: link group pinentry-x11 updated to point to /usr/bin/pinentry-gnome3
update-alternatives 2020-07-31 16:31:52: run with --install /usr/bin/gnome-text-editor gnome-text-editor /usr/bin/gedit 50 --slave /usr/share/man/man1/gnome-text-editor.1.gz gnome-text-editor.1.gz /usr/share/man/man1/gedit.1.gz
update-alternatives 2020-07-31 16:31:52: link group gnome-text-editor updated to point to /usr/bin/gedit
update-alternatives 2020-07-31 16:32:55: run with --install /etc/cifs-utils/idmap-plugin idmap-plugin /usr/lib/x86_64-linux-gnu/cifs-utils/idmapwb.so 40 --slave /usr/share/man/man8/idmap-plugin.8.gz idmap-plugin.8.gz /usr/share/man/man8/idmapwb.8.gz
update-alternatives 2020-07-31 16:32:55: link group idmap-plugin updated to point to /usr/lib/x86_64-linux-gnu/cifs-utils/idmapwb.so
update-alternatives 2020-12-09 20:57:32: run with --remove idmap-plugin /usr/lib/x86_64-linux-gnu/cifs-utils/idmapwb.so
update-alternatives 2020-12-09 20:57:32: link group idmap-plugin fully removed
update-alternatives 2020-12-10 12:07:28: run with --install /usr/bin/pager pager /bin/more 50 --slave /usr/share/man/man1/pager.1.gz pager.1.gz /usr/share/man/man1/more.1.gz
update-alternatives 2020-12-10 12:07:28: run with --remove pager /usr/bin/pg
update-alternatives 2020-12-10 12:09:56: run with --install /usr/share/gnome-shell/gdm3-theme.gresource gdm3-theme.gresource /usr/share/gnome-shell/theme/Yaru/gnome-shell-theme.gresource 15
update-alternatives 2020-12-10 12:11:01: run with --install /usr/share/gnome-shell/gdm3-theme.gresource gdm3-theme.gresource /usr/share/gnome-shell/gnome-shell-theme.gresource 10
update-alternatives 2020-12-10 12:11:04: run with --install /usr/bin/lzma lzma /usr/bin/xz 20 --slave /usr/share/man/man1/lzma.1.gz lzma.1.gz /usr/share/man/man1/xz.1.gz --slave /usr/bin/unlzma unlzma /usr/bin/unxz --slave /usr/share/man/man1/unlzma.1.gz unlzma.1.gz /usr/share/man/man1/unxz.1.gz --slave /usr/bin/lzcat lzcat /usr/bin/xzcat --slave /usr/share/man/man1/lzcat.1.gz lzcat.1.gz /usr/share/man/man1/xzcat.1.gz --slave /usr/bin/lzmore lzmore /usr/bin/xzmore --slave /usr/share/man/man1/lzmore.1.gz lzmore.1.gz /usr/share/man/man1/xzmore.1.gz --slave /usr/bin/lzless lzless /usr/bin/xzless --slave /usr/share/man/man1/lzless.1.gz lzless.1.gz /usr/share/man/man1/xzless.1.gz --slave /usr/bin/lzdiff lzdiff /usr/bin/xzdiff --slave /usr/share/man/man1/lzdiff.1.gz lzdiff.1.gz /usr/share/man/man1/xzdiff.1.gz --slave /usr/bin/lzcmp lzcmp /usr/bin/xzcmp --slave /usr/share/man/man1/lzcmp.1.gz lzcmp.1.gz /usr/share/man/man1/xzcmp.1.gz --slave /usr/bin/lzgrep lzgrep /usr/bin/xzgrep --slave /usr/share/man/man1/lzgrep.1.gz lzgrep.1.gz /usr/share/man/man1/xzgrep.1.gz --slave /usr/bin/lzegrep lzegrep /usr/bin/xzegrep --slave /usr/share/man/man1/lzegrep.1.gz lzegrep.1.gz /usr/share/man/man1/xzegrep.1.gz --slave /usr/bin/lzfgrep lzfgrep /usr/bin/xzfgrep --slave /usr/share/man/man1/lzfgrep.1.gz lzfgrep.1.gz /usr/share/man/man1/xzfgrep.1.gz
update-alternatives 2020-12-10 12:11:40: run with --install /usr/bin/gstreamer-codec-install gstreamer-codec-install /usr/lib/packagekit/pk-gstreamer-install 80
update-alternatives 2020-12-10 12:11:44: run with --install /usr/bin/gnome-www-browser gnome-www-browser /usr/bin/firefox 40
update-alternatives 2020-12-10 12:11:44: run with --install /usr/bin/x-www-browser x-www-browser /usr/bin/firefox 40
update-alternatives 2020-12-10 12:12:02: run with --install /usr/share/plymouth/themes/text.plymouth text.plymouth /usr/share/plymouth/themes/ubuntu-text/ubuntu-text.plymouth 50
update-alternatives 2020-12-10 12:12:08: run with --install /usr/share/plymouth/themes/default.plymouth default.plymouth /usr/share/plymouth/themes/bgrt/bgrt.plymouth 110
update-alternatives 2020-12-10 12:12:48: run with --install /usr/bin/x-window-manager x-window-manager /usr/bin/mutter 60 --slave /usr/share/man/man1/x-window-manager.1.gz x-window-manager.1.gz /usr/share/man/man1/mutter.1.gz
update-alternatives 2020-12-10 15:07:12: run with --install /usr/bin/vim vim /usr/bin/vim.basic 30
update-alternatives 2020-12-10 15:07:12: link group vim updated to point to /usr/bin/vim.basic
update-alternatives 2020-12-10 15:07:12: run with --install /usr/bin/vimdiff vimdiff /usr/bin/vim.basic 30
update-alternatives 2020-12-10 15:07:12: link group vimdiff updated to point to /usr/bin/vim.basic
update-alternatives 2020-12-10 15:07:12: run with --install /usr/bin/rvim rvim /usr/bin/vim.basic 30
update-alternatives 2020-12-10 15:07:12: link group rvim updated to point to /usr/bin/vim.basic
update-alternatives 2020-12-10 15:07:12: run with --install /usr/bin/rview rview /usr/bin/vim.basic 30
update-alternatives 2020-12-10 15:07:12: link group rview updated to point to /usr/bin/vim.basic
update-alternatives 2020-12-10 15:07:12: run with --install /usr/bin/vi vi /usr/bin/vim.basic 30 --slave /usr/share/man/da/man1/vi.1.gz vi.da.1.gz /usr/share/man/da/man1/vim.1.gz --slave /usr/share/man/de/man1/vi.1.gz vi.de.1.gz /usr/share/man/de/man1/vim.1.gz --slave /usr/share/man/fr/man1/vi.1.gz vi.fr.1.gz /usr/share/man/fr/man1/vim.1.gz --slave /usr/share/man/it/man1/vi.1.gz vi.it.1.gz /usr/share/man/it/man1/vim.1.gz --slave /usr/share/man/ja/man1/vi.1.gz vi.ja.1.gz /usr/share/man/ja/man1/vim.1.gz --slave /usr/share/man/pl/man1/vi.1.gz vi.pl.1.gz /usr/share/man/pl/man1/vim.1.gz --slave /usr/share/man/ru/man1/vi.1.gz vi.ru.1.gz /usr/share/man/ru/man1/vim.1.gz --slave /usr/share/man/man1/vi.1.gz vi.1.gz /usr/share/man/man1/vim.1.gz
update-alternatives 2020-12-10 15:07:12: link group vi updated to point to /usr/bin/vim.basic
update-alternatives 2020-12-10 15:07:12: run with --install /usr/bin/view view /usr/bin/vim.basic 30 --slave /usr/share/man/da/man1/view.1.gz view.da.1.gz /usr/share/man/da/man1/vim.1.gz --slave /usr/share/man/de/man1/view.1.gz view.de.1.gz /usr/share/man/de/man1/vim.1.gz --slave /usr/share/man/fr/man1/view.1.gz view.fr.1.gz /usr/share/man/fr/man1/vim.1.gz --slave /usr/share/man/it/man1/view.1.gz view.it.1.gz /usr/share/man/it/man1/vim.1.gz --slave /usr/share/man/ja/man1/view.1.gz view.ja.1.gz /usr/share/man/ja/man1/vim.1.gz --slave /usr/share/man/pl/man1/view.1.gz view.pl.1.gz /usr/share/man/pl/man1/vim.1.gz --slave /usr/share/man/ru/man1/view.1.gz view.ru.1.gz /usr/share/man/ru/man1/vim.1.gz --slave /usr/share/man/man1/view.1.gz view.1.gz /usr/share/man/man1/vim.1.gz
update-alternatives 2020-12-10 15:07:12: link group view updated to point to /usr/bin/vim.basic
update-alternatives 2020-12-10 15:07:12: run with --install /usr/bin/ex ex /usr/bin/vim.basic 30 --slave /usr/share/man/da/man1/ex.1.gz ex.da.1.gz /usr/share/man/da/man1/vim.1.gz --slave /usr/share/man/de/man1/ex.1.gz ex.de.1.gz /usr/share/man/de/man1/vim.1.gz --slave /usr/share/man/fr/man1/ex.1.gz ex.fr.1.gz /usr/share/man/fr/man1/vim.1.gz --slave /usr/share/man/it/man1/ex.1.gz ex.it.1.gz /usr/share/man/it/man1/vim.1.gz --slave /usr/share/man/ja/man1/ex.1.gz ex.ja.1.gz /usr/share/man/ja/man1/vim.1.gz --slave /usr/share/man/pl/man1/ex.1.gz ex.pl.1.gz /usr/share/man/pl/man1/vim.1.gz --slave /usr/share/man/ru/man1/ex.1.gz ex.ru.1.gz /usr/share/man/ru/man1/vim.1.gz --slave /usr/share/man/man1/ex.1.gz ex.1.gz /usr/share/man/man1/vim.1.gz
update-alternatives 2020-12-10 15:07:12: link group ex updated to point to /usr/bin/vim.basic
update-alternatives 2020-12-10 15:07:12: run with --install /usr/bin/editor editor /usr/bin/vim.basic 30 --slave /usr/share/man/da/man1/editor.1.gz editor.da.1.gz /usr/share/man/da/man1/vim.1.gz --slave /usr/share/man/de/man1/editor.1.gz editor.de.1.gz /usr/share/man/de/man1/vim.1.gz --slave /usr/share/man/fr/man1/editor.1.gz editor.fr.1.gz /usr/share/man/fr/man1/vim.1.gz --slave /usr/share/man/it/man1/editor.1.gz editor.it.1.gz /usr/share/man/it/man1/vim.1.gz --slave /usr/share/man/ja/man1/editor.1.gz editor.ja.1.gz /usr/share/man/ja/man1/vim.1.gz --slave /usr/share/man/pl/man1/editor.1.gz editor.pl.1.gz /usr/share/man/pl/man1/vim.1.gz --slave /usr/share/man/ru/man1/editor.1.gz editor.ru.1.gz /usr/share/man/ru/man1/vim.1.gz --slave /usr/share/man/man1/editor.1.gz editor.1.gz /usr/share/man/man1/vim.1.gz
update-alternatives 2020-12-10 17:11:33: run with --install /usr/bin/editor editor /usr/bin/code 0
update-alternatives 2020-12-21 13:35:36: run with --install /usr/bin/gnome-www-browser gnome-www-browser /usr/bin/firefox 40
update-alternatives 2020-12-21 13:35:36: run with --install /usr/bin/x-www-browser x-www-browser /usr/bin/firefox 40
update-alternatives 2020-12-21 13:42:43: run with --install /usr/bin/pbr pbr /usr/bin/python3-pbr 200
update-alternatives 2020-12-21 13:42:43: link group pbr updated to point to /usr/bin/python3-pbr
update-alternatives 2020-12-21 13:42:50: run with --install /usr/bin/jsondiff jsondiff /usr/bin/jsondiff-jsondiff 200
update-alternatives 2020-12-21 13:42:50: link group jsondiff updated to point to /usr/bin/jsondiff-jsondiff
update-alternatives 2020-12-21 13:42:51: run with --install /usr/bin/wsdump wsdump /usr/bin/python3-wsdump 200
update-alternatives 2020-12-21 13:42:51: link group wsdump updated to point to /usr/bin/python3-wsdump
