Dec  9 21:39:24 alicia-VirtualBox kernel: [    1.396232] usbhid: USB HID core driver
Dec  9 21:39:24 alicia-VirtualBox kernel: [    1.398228] input: VirtualBox USB Tablet as /devices/pci0000:00/0000:00:06.0/usb1/1-1/1-1:1.0/0003:80EE:0021.0001/input/input7
Dec  9 21:39:24 alicia-VirtualBox kernel: [    2.775279] [drm]   GMR.
Dec  9 21:39:24 alicia-VirtualBox kernel: [    2.775279] [drm]   Traces.
Dec 10 17:28:59 alicia-VirtualBox kernel: [    0.852141] Freeing unused kernel image memory: 2716K
Dec 10 17:28:59 alicia-VirtualBox kernel: [    0.859863] Write protecting the kernel read-only data: 22528k
Dec 10 17:28:59 alicia-VirtualBox kernel: [    1.030244] piix4_smbus 0000:00:07.0: SMBus Host Controller at 0x4100, revision 0
Dec 10 17:29:09 alicia-VirtualBox kernel: [   21.212812] ISO 9660 Extensions: RRIP_1991A
Dec 10 17:29:10 alicia-VirtualBox kernel: [   21.869116] rfkill: input handler disabled
Dec 10 17:29:12 alicia-VirtualBox kernel: [   23.900577] kauditd_printk_skb: 26 callbacks suppressed
Dec 10 17:28:59 alicia-VirtualBox kernel: [    0.852141] Freeing unused kernel image memory: 2716K
Dec 10 17:28:59 alicia-VirtualBox kernel: [    0.859863] Write protecting the kernel read-only data: 22528k
Dec 10 17:28:59 alicia-VirtualBox kernel: [    1.030244] piix4_smbus 0000:00:07.0: SMBus Host Controller at 0x4100, revision 0
Dec 10 17:29:09 alicia-VirtualBox kernel: [   21.212812] ISO 9660 Extensions: RRIP_1991A
Dec 10 17:29:10 alicia-VirtualBox kernel: [   21.869116] rfkill: input handler disabled
Dec 10 17:28:59 alicia-VirtualBox kernel: [    1.030244] piix4_smbus 0000:00:07.0: SMBus Host Controller at 0x4100, revision 0
Dec 10 17:29:09 alicia-VirtualBox kernel: [   21.212812] ISO 9660 Extensions: RRIP_1991A
Dec 10 17:29:10 alicia-VirtualBox kernel: [   21.869116] rfkill: input handler disabled
Dec 10 17:29:12 alicia-VirtualBox kernel: [   23.900577] kauditd_printk_skb: 26 callbacks suppressed
Dec 10 17:28:59 alicia-VirtualBox kernel: [    0.852141] Freeing unused kernel image memory: 2716K
Dec 10 17:28:59 alicia-VirtualBox kernel: [    0.859863] Write protecting the kernel read-only data: 22528k
Dec 10 17:28:59 alicia-VirtualBox kernel: [    1.030244] piix4_smbus 0000:00:07.0: SMBus Host Controller at 0x4100, revision 0
Dec 10 17:29:09 alicia-VirtualBox kernel: [   21.212812] ISO 9660 Extensions: RRIP_1991A
Dec 10 17:29:10 alicia-VirtualBox kernel: [   21.869116] rfkill: input handler disabled
Dec 10 17:29:12 alicia-VirtualBox kernel: [   23.900577] kauditd_printk_skb: 26 callbacks suppressed
Dec 11 15:23:05 alicia-VirtualBox kernel: [    0.000000] x86/fpu: xstate_offset[2]:  576, xstate_sizes[2]:  256
Dec 11 15:23:05 alicia-VirtualBox kernel: [    0.000000] x86/fpu: Enabled xstate features 0x7, context size is 832 bytes, using 'standard' format.
Dec 11 15:23:05 alicia-VirtualBox kernel: [    0.000000] BIOS-provided physical RAM map: